<?xml version="1.0" encoding="UTF-8"?>
<!-- Generated by org.testng.reporters.JUnitReportReporter -->
<testsuite hostname="DESKTOP-7I6JCMP" name="test.framework.ReportLogTest" tests="1" failures="0" timestamp="11 Jan 2019 09:01:07 GMT" time="16.754" errors="0">
  <testcase name="test" time="16.754" classname="test.framework.ReportLogTest"/>
</testsuite> <!-- test.framework.ReportLogTest -->
