<?xml version="1.0" encoding="UTF-8"?>
<!-- Generated by org.testng.reporters.JUnitReportReporter -->
<testsuite hostname="DESKTOP-7I6JCMP" name="testsuite.fb.divvy" tests="1" failures="0" timestamp="14 Jan 2019 07:07:00 GMT" time="16.433" errors="0">
  <testcase name="TC1_NegativeTest" time="16.433" classname="testsuite.fb.divvy"/>
</testsuite> <!-- testsuite.fb.divvy -->
