<?xml version="1.0" encoding="UTF-8"?>
<!-- Generated by org.testng.reporters.JUnitReportReporter -->
<testsuite hostname="DESKTOP-7I6JCMP" name="testsuite.fb.divvy" tests="1" failures="0" timestamp="12 Jan 2019 08:01:23 GMT" time="15.473" errors="0">
  <testcase name="test" time="15.473" classname="testsuite.fb.divvy"/>
</testsuite> <!-- testsuite.fb.divvy -->
